<?xml version="1.0" encoding="UTF-8"?>
<!-- Generated by org.testng.reporters.JUnitXMLReporter -->
<testsuite ignored="1" hostname="USER" failures="0" tests="2" name="Submit Order Test" time="155.421" errors="0" timestamp="2023-04-02T13:58:29 IST">
  <testcase classname="retailpackage.RTtests.SubmitShoeOrders" name="submitShoeOrder" time="74.499"/>
  <testcase classname="retailpackage.RTtests.SubmitShoeOrders" name="submitShoeOrder" time="52.334"/>
  <testcase classname="retailpackage.RTtests.SubmitShoeOrders" name="wishListOrder" time="0.0">
    <ignored/>
  </testcase> <!-- wishListOrder -->
</testsuite> <!-- Submit Order Test -->
