<?xml version="1.0" encoding="UTF-8"?>
<!-- Generated by org.testng.reporters.JUnitXMLReporter -->
<testsuite ignored="1" hostname="USER" failures="1" tests="1" name="Submit Order Test" time="0.094" errors="0" timestamp="2023-04-03T00:11:01 IST">
  <testcase classname="retailpackage.RTtests.SubmitShoeOrders" name="wishListOrder" time="0.0">
    <failure type="java.lang.RuntimeException" message="java.io.FileNotFoundException: C:\Users\USER1\RetailWorspaceLocal\RetailUIAutomation1\src\test\java\rahulshettyacademy\data\WishListOrder.json (The system cannot find the file specified)">
      <![CDATA[java.lang.RuntimeException: java.io.FileNotFoundException: C:\Users\USER1\RetailWorspaceLocal\RetailUIAutomation1\src\test\java\rahulshettyacademy\data\WishListOrder.json (The system cannot find the file specified)
at java.base/java.util.ArrayList.forEach(ArrayList.java:1511)
Caused by: java.io.FileNotFoundException: C:\Users\USER1\RetailWorspaceLocal\RetailUIAutomation1\src\test\java\rahulshettyacademy\data\WishListOrder.json (The system cannot find the file specified)
at java.base/java.io.FileInputStream.open0(Native Method)
at java.base/java.io.FileInputStream.open(FileInputStream.java:219)
at java.base/java.io.FileInputStream.<init>(FileInputStream.java:158)
at org.apache.commons.io.FileUtils.openInputStream(FileUtils.java:2388)
at org.apache.commons.io.FileUtils.readFileToString(FileUtils.java:2506)
at org.apache.commons.io.FileUtils.readFileToString(FileUtils.java:2489)
at retailpackage.testcomponents.BaseTest.getJsonDataToMap(BaseTest.java:51)
at retailpackage.RTtests.SubmitShoeOrders.getData2(SubmitShoeOrders.java:87)
... 25 more
... Removed 30 stack frames]]>
    </failure>
  </testcase> <!-- wishListOrder -->
  <testcase classname="retailpackage.RTtests.SubmitShoeOrders" name="submitShoeOrder" time="0.0">
    <ignored/>
  </testcase> <!-- submitShoeOrder -->
</testsuite> <!-- Submit Order Test -->
