<?xml version="1.0" encoding="UTF-8"?>
<testng-results ignored="2" total="4" passed="2" failed="0" skipped="0">
  <reporter-output>
  </reporter-output>
  <suite started-at="2023-04-02T13:55:54 IST" name="Suite" finished-at="2023-04-02T13:58:29 IST" duration-ms="155579">
    <groups>
      <group name="Purchase">
        <method signature="SubmitShoeOrders.submitShoeOrder(java.util.HashMap)[pri:0, instance:retailpackage.RTtests.SubmitShoeOrders@689604d9]" name="submitShoeOrder" class="retailpackage.RTtests.SubmitShoeOrders"/>
      </group> <!-- Purchase -->
    </groups>
    <test started-at="2023-04-02T13:55:54 IST" name="Submit Order Test" finished-at="2023-04-02T13:58:29 IST" duration-ms="155421">
      <class name="retailpackage.RTtests.SubmitShoeOrders">
        <test-method is-config="true" signature="launchApplication()[pri:0, instance:retailpackage.RTtests.SubmitShoeOrders@689604d9]" started-at="2023-04-02T13:55:54 IST" name="launchApplication" finished-at="2023-04-02T13:56:10 IST" duration-ms="15902" status="PASS">
          <reporter-output>
          </reporter-output>
        </test-method> <!-- launchApplication -->
        <test-method signature="submitShoeOrder(java.util.HashMap)[pri:0, instance:retailpackage.RTtests.SubmitShoeOrders@689604d9]" started-at="2023-04-02T13:56:10 IST" name="submitShoeOrder" data-provider="getData" finished-at="2023-04-02T13:57:24 IST" duration-ms="74499" status="PASS">
          <params>
            <param index="0">
              <value>
                <![CDATA[{size=5, colour=ROSEGOLD, id=7615045}]]>
              </value>
            </param>
          </params>
          <reporter-output>
          </reporter-output>
        </test-method> <!-- submitShoeOrder -->
        <test-method is-config="true" signature="tearDown()[pri:0, instance:retailpackage.RTtests.SubmitShoeOrders@689604d9]" started-at="2023-04-02T13:57:24 IST" name="tearDown" finished-at="2023-04-02T13:57:27 IST" duration-ms="2535" status="PASS">
          <reporter-output>
          </reporter-output>
        </test-method> <!-- tearDown -->
        <test-method is-config="true" signature="launchApplication()[pri:0, instance:retailpackage.RTtests.SubmitShoeOrders@689604d9]" started-at="2023-04-02T13:57:27 IST" name="launchApplication" finished-at="2023-04-02T13:57:37 IST" duration-ms="9686" status="PASS">
          <reporter-output>
          </reporter-output>
        </test-method> <!-- launchApplication -->
        <test-method signature="submitShoeOrder(java.util.HashMap)[pri:0, instance:retailpackage.RTtests.SubmitShoeOrders@689604d9]" started-at="2023-04-02T13:57:37 IST" name="submitShoeOrder" data-provider="getData" finished-at="2023-04-02T13:58:29 IST" duration-ms="52334" status="PASS">
          <params>
            <param index="0">
              <value>
                <![CDATA[{size=4, colour=GREY, id=7512065}]]>
              </value>
            </param>
          </params>
          <reporter-output>
          </reporter-output>
        </test-method> <!-- submitShoeOrder -->
        <test-method is-config="true" signature="tearDown()[pri:0, instance:retailpackage.RTtests.SubmitShoeOrders@689604d9]" started-at="2023-04-02T13:58:29 IST" name="tearDown" finished-at="2023-04-02T13:58:29 IST" duration-ms="335" status="PASS">
          <reporter-output>
          </reporter-output>
        </test-method> <!-- tearDown -->
      </class> <!-- retailpackage.RTtests.SubmitShoeOrders -->
    </test> <!-- Submit Order Test -->
    <test started-at="2023-04-02T13:58:29 IST" name="Error Validations Test" finished-at="2023-04-02T13:58:29 IST" duration-ms="2">
    </test> <!-- Error Validations Test -->
  </suite> <!-- Suite -->
</testng-results>
